<?xml version="1.0" encoding="UTF-8"?>
<testng-results skipped="0" failed="0" ignored="0" total="1" passed="1">
  <reporter-output>
  </reporter-output>
  <suite name="Default suite" duration-ms="59" started-at="2019-06-15T02:46:13Z" finished-at="2019-06-15T02:46:13Z">
    <groups>
    </groups>
    <test name="Default test" duration-ms="59" started-at="2019-06-15T02:46:13Z" finished-at="2019-06-15T02:46:13Z">
      <class name="com.exam.spring.springtest.SpringtestApplicationTests">
        <test-method status="PASS" signature="contextLoads()[pri:0, instance:com.exam.spring.springtest.SpringtestApplicationTests@5bcab519]" name="contextLoads" duration-ms="17" started-at="2019-06-15T02:46:13Z" finished-at="2019-06-15T02:46:13Z">
          <reporter-output>
          </reporter-output>
        </test-method> <!-- contextLoads -->
      </class> <!-- com.exam.spring.springtest.SpringtestApplicationTests -->
    </test> <!-- Default test -->
  </suite> <!-- Default suite -->
</testng-results>
